<?xml version="1.0" encoding="UTF-8"?>
<robot generator="Robot 3.1 (Python 3.6.2 on win32)" generated="20190106 17:54:54.309" rpa="false">
<suite id="s1" name="Registracio" source="C:\development\robot-scripts\jegyhu\tests\regisztracio\registracio.robot">
<test id="s1-t1" name="Regisztracio rossz jelszo - csak betu">
<kw name="Begin web test" library="Common" type="setup">
<doc>Megnyit egy adott weboldalt a browserrel</doc>
<arguments>
<arg>${OLDAL}</arg>
<arg>${BROWSER}</arg>
</arguments>
<kw name="Open Browser" library="SeleniumLibrary">
<doc>Opens a new browser instance to the given ``url``.</doc>
<arguments>
<arg>${oldal}</arg>
<arg>${browser}</arg>
</arguments>
<msg timestamp="20190106 17:54:54.594" level="INFO">Opening browser 'chrome' to base url 'https://www.jegy.hu/'.</msg>
<status status="PASS" starttime="20190106 17:54:54.593" endtime="20190106 17:54:59.690"></status>
</kw>
<kw name="Maximize Browser Window" library="SeleniumLibrary">
<doc>Maximizes current browser window.</doc>
<status status="PASS" starttime="20190106 17:54:59.691" endtime="20190106 17:55:00.933"></status>
</kw>
<status status="PASS" starttime="20190106 17:54:54.593" endtime="20190106 17:55:00.933"></status>
</kw>
<kw name="Accept cookie2" library="cookie">
<kw name="Click Element" library="SeleniumLibrary">
<doc>Click element identified by ``locator``.</doc>
<arguments>
<arg>${COOKIE_BUTTON_ID}</arg>
</arguments>
<msg timestamp="20190106 17:55:00.940" level="INFO">Clicking element 'class=accept_cookie'.</msg>
<status status="PASS" starttime="20190106 17:55:00.939" endtime="20190106 17:55:01.117"></status>
</kw>
<status status="PASS" starttime="20190106 17:55:00.938" endtime="20190106 17:55:01.117"></status>
</kw>
<kw name="Main page click login" library="log">
<kw name="Click Link" library="SeleniumLibrary">
<doc>Clicks a link identified by ``locator``.</doc>
<arguments>
<arg>${LOGIN_MAIN_PAGE_LOGIN_LINK}</arg>
</arguments>
<msg timestamp="20190106 17:55:01.118" level="INFO">Clicking link 'link=Bejelentkezés'.</msg>
<status status="PASS" starttime="20190106 17:55:01.118" endtime="20190106 17:55:02.737"></status>
</kw>
<status status="PASS" starttime="20190106 17:55:01.118" endtime="20190106 17:55:02.737"></status>
</kw>
<kw name="Go to registration" library="registracio">
<kw name="Click registration" library="register_page">
<kw name="Click Link" library="SeleniumLibrary">
<doc>Clicks a link identified by ``locator``.</doc>
<arguments>
<arg>${REGISTER_PAGE__REG_LINK}</arg>
</arguments>
<msg timestamp="20190106 17:55:02.737" level="INFO">Clicking link 'Regisztráció'.</msg>
<status status="PASS" starttime="20190106 17:55:02.737" endtime="20190106 17:55:04.354"></status>
</kw>
<status status="PASS" starttime="20190106 17:55:02.737" endtime="20190106 17:55:04.354"></status>
</kw>
<status status="PASS" starttime="20190106 17:55:02.737" endtime="20190106 17:55:04.354"></status>
</kw>
<kw name="Give reg data and click" library="registracio">
<arguments>
<arg>${REGISTRACIO_EMAIL}</arg>
<arg>${REGISTRACIO_JELSZO_CSAK_BETU}</arg>
</arguments>
<kw name="Give reg data" library="register_page">
<arguments>
<arg>${email}</arg>
<arg>${password}</arg>
</arguments>
<kw name="Input Text" library="SeleniumLibrary">
<doc>Types the given ``text`` into text field identified by ``locator``.</doc>
<arguments>
<arg>${REGISTER_PAGE_INPUT_EMAIL_ID}</arg>
<arg>${email}</arg>
</arguments>
<msg timestamp="20190106 17:55:04.357" level="INFO">Typing text 'valami@telenor.hu' into text field 'Id=email'.</msg>
<status status="PASS" starttime="20190106 17:55:04.357" endtime="20190106 17:55:04.603"></status>
</kw>
<kw name="Input Text" library="SeleniumLibrary">
<doc>Types the given ``text`` into text field identified by ``locator``.</doc>
<arguments>
<arg>${REGISTER_PAGE__INPUT_Password_ID}</arg>
<arg>${password}</arg>
</arguments>
<msg timestamp="20190106 17:55:04.604" level="INFO">Typing text 'asdfghjkl' into text field 'id=password1'.</msg>
<status status="PASS" starttime="20190106 17:55:04.603" endtime="20190106 17:55:04.807"></status>
</kw>
<status status="PASS" starttime="20190106 17:55:04.356" endtime="20190106 17:55:04.807"></status>
</kw>
<kw name="Click reg checkbox" library="register_page">
<kw name="Click Element" library="SeleniumLibrary">
<doc>Click element identified by ``locator``.</doc>
<arguments>
<arg>${REGISTER_PAGE_CHECKBOX_ID}</arg>
</arguments>
<msg timestamp="20190106 17:55:04.808" level="INFO">Clicking element 'class=checkbox-custom-label'.</msg>
<status status="PASS" starttime="20190106 17:55:04.808" endtime="20190106 17:55:04.950"></status>
</kw>
<status status="PASS" starttime="20190106 17:55:04.808" endtime="20190106 17:55:04.951"></status>
</kw>
<kw name="Click reg button" library="register_page">
<kw name="Click Button" library="SeleniumLibrary">
<doc>Clicks button identified by ``locator``.</doc>
<arguments>
<arg>${REGISTER_PAGE_BUTTON_ID}</arg>
</arguments>
<msg timestamp="20190106 17:55:04.952" level="INFO">Clicking button 'Regisztráció'.</msg>
<status status="PASS" starttime="20190106 17:55:04.952" endtime="20190106 17:55:07.604"></status>
</kw>
<status status="PASS" starttime="20190106 17:55:04.951" endtime="20190106 17:55:07.604"></status>
</kw>
<status status="PASS" starttime="20190106 17:55:04.355" endtime="20190106 17:55:07.604"></status>
</kw>
<kw name="Check thinks after give wrong password" library="registracio">
<kw name="Check wrong password page" library="register_page">
<doc>Ellenőrzi a page url-jét</doc>
<arguments>
<arg>${OLDAL}</arg>
</arguments>
<kw name="Check Page Url" library="Common">
<doc>Ellenőrzi egy adott oldal url-jét.</doc>
<arguments>
<arg>${oldal}</arg>
<arg>${REGISTER_PAGE_URL_SIKERTELEN}</arg>
</arguments>
<kw name="Osszead String" library="alap">
<arguments>
<arg>${oldal}</arg>
<arg>${part_oldal}</arg>
</arguments>
<assign>
<var>${d}</var>
</assign>
<msg timestamp="20190106 17:55:07.606" level="INFO">${d} = https://www.jegy.hu/registration/doRegistration</msg>
<status status="PASS" starttime="20190106 17:55:07.606" endtime="20190106 17:55:07.606"></status>
</kw>
<kw name="Get Location" library="SeleniumLibrary">
<doc>Returns the current browser URL.</doc>
<assign>
<var>${c}</var>
</assign>
<msg timestamp="20190106 17:55:07.612" level="INFO">${c} = https://www.jegy.hu/registration/doRegistration</msg>
<status status="PASS" starttime="20190106 17:55:07.606" endtime="20190106 17:55:07.612"></status>
</kw>
<kw name="Log" library="BuiltIn">
<doc>Logs the given message with the given level.</doc>
<arguments>
<arg>${c}</arg>
</arguments>
<msg timestamp="20190106 17:55:07.613" level="INFO">https://www.jegy.hu/registration/doRegistration</msg>
<status status="PASS" starttime="20190106 17:55:07.612" endtime="20190106 17:55:07.613"></status>
</kw>
<kw name="Should Be Equal As Strings" library="BuiltIn">
<doc>Fails if objects are unequal after converting them to strings.</doc>
<arguments>
<arg>${c}</arg>
<arg>${d}</arg>
</arguments>
<status status="PASS" starttime="20190106 17:55:07.614" endtime="20190106 17:55:07.615"></status>
</kw>
<status status="PASS" starttime="20190106 17:55:07.605" endtime="20190106 17:55:07.615"></status>
</kw>
<status status="PASS" starttime="20190106 17:55:07.605" endtime="20190106 17:55:07.615"></status>
</kw>
<kw name="Check &quot;Sikertelen&quot; Text" library="register_page">
<kw name="Element Text Should Be" library="SeleniumLibrary">
<doc>Verifies that element ``locator`` contains exact text ``expected``.</doc>
<arguments>
<arg>${REGISTER_PAGE_SIKERTELEN_ID}</arg>
<arg>${REGISTER_PAGE_SIKERTELEN_TEXT}</arg>
</arguments>
<msg timestamp="20190106 17:55:07.617" level="INFO">Verifying element 'css=body &gt; div.jegyhu_main.container &gt; div.row &gt; div &gt; h1' contains exact text 'Sikertelen regisztráció'.</msg>
<status status="PASS" starttime="20190106 17:55:07.616" endtime="20190106 17:55:07.679"></status>
</kw>
<status status="PASS" starttime="20190106 17:55:07.616" endtime="20190106 17:55:07.680"></status>
</kw>
<kw name="Check Main Error Text" library="register_page">
<kw name="Get Text" library="SeleniumLibrary">
<doc>Returns the text value of element identified by ``locator``.</doc>
<arguments>
<arg>${REGISTER_PAGE_MAIN_ERROR_TEXT_ID}</arg>
</arguments>
<assign>
<var>${szoveg}</var>
</assign>
<msg timestamp="20190106 17:55:07.722" level="INFO">${szoveg} = A jelszó formátuma(jelszó erőssége) nem megfelelő! A Jelszónak legalább nyolc karakter hosszúságúnak kell lenni és kis-, nagybetűket, valamint számjegyet kell tartalmazni. Kérjük, adjon meg új, megfel...</msg>
<status status="PASS" starttime="20190106 17:55:07.682" endtime="20190106 17:55:07.722"></status>
</kw>
<kw name="Should Be Equal As Strings" library="BuiltIn">
<doc>Fails if objects are unequal after converting them to strings.</doc>
<arguments>
<arg>${szoveg}</arg>
<arg>${REGISTER_PAGE_ERROR_TEXT_HOSZU_PASSWORD}</arg>
</arguments>
<status status="PASS" starttime="20190106 17:55:07.722" endtime="20190106 17:55:07.723"></status>
</kw>
<kw name="Log" library="BuiltIn">
<doc>Logs the given message with the given level.</doc>
<arguments>
<arg>${szoveg}</arg>
</arguments>
<msg timestamp="20190106 17:55:07.723" level="INFO">A jelszó formátuma(jelszó erőssége) nem megfelelő! A Jelszónak legalább nyolc karakter hosszúságúnak kell lenni és kis-, nagybetűket, valamint számjegyet kell tartalmazni. Kérjük, adjon meg új, megfelelő jelszót! Köszönjük!</msg>
<status status="PASS" starttime="20190106 17:55:07.723" endtime="20190106 17:55:07.723"></status>
</kw>
<status status="PASS" starttime="20190106 17:55:07.680" endtime="20190106 17:55:07.724"></status>
</kw>
<status status="PASS" starttime="20190106 17:55:07.605" endtime="20190106 17:55:07.724"></status>
</kw>
<kw name="End web test" library="Common" type="teardown">
<kw name="Close All Browsers" library="SeleniumLibrary">
<doc>Closes all open browsers and resets the browser cache.</doc>
<status status="PASS" starttime="20190106 17:55:07.724" endtime="20190106 17:55:10.028"></status>
</kw>
<status status="PASS" starttime="20190106 17:55:07.724" endtime="20190106 17:55:10.029"></status>
</kw>
<doc>Regisztráció olyan jelszóval ami minimum 8 karakter, de csak sóbetűt tartalmaz.</doc>
<tags>
<tag>Jelszo</tag>
<tag>Mo3</tag>
<tag>Smoke</tag>
</tags>
<status status="PASS" starttime="20190106 17:54:54.592" endtime="20190106 17:55:10.030" critical="yes"></status>
</test>
<doc>A regisztrációhoz kapcsolódó tesztesetek</doc>
<status status="PASS" starttime="20190106 17:54:54.312" endtime="20190106 17:55:10.039"></status>
</suite>
<statistics>
<total>
<stat pass="1" fail="0">Critical Tests</stat>
<stat pass="1" fail="0">All Tests</stat>
</total>
<tag>
<stat pass="1" fail="0">Jelszo</stat>
<stat pass="1" fail="0">Mo3</stat>
<stat pass="1" fail="0">Smoke</stat>
</tag>
<suite>
<stat pass="1" fail="0" id="s1" name="Registracio">Registracio</stat>
</suite>
</statistics>
<errors>
</errors>
</robot>
